0 info it worked if it ends with ok
1 verbose cli [ '/usr/local/bin/node', '/usr/local/bin/npm', 'run', 'dev' ]
2 info using npm@3.10.3
3 info using node@v6.3.0
4 verbose run-script [ 'predev', 'dev', 'postdev' ]
5 info lifecycle wp-react@1.0.1~predev: wp-react@1.0.1
6 silly lifecycle wp-react@1.0.1~predev: no script for predev, continuing
7 info lifecycle wp-react@1.0.1~dev: wp-react@1.0.1
8 verbose lifecycle wp-react@1.0.1~dev: unsafe-perm in lifecycle true
9 verbose lifecycle wp-react@1.0.1~dev: PATH: /usr/local/lib/node_modules/npm/bin/node-gyp-bin:/Users/yukuang/Desktop/work/myjar/webpack-react-weui/node_modules/.bin:/usr/local/bin:/Users/yukuang/.rvm/gems/ruby-2.3.0/bin:/Users/yukuang/.rvm/gems/ruby-2.3.0@global/bin:/Users/yukuang/.rvm/rubies/ruby-2.3.0/bin:/usr/local/bin:/usr/bin:/bin:/usr/sbin:/sbin:/Library/Frameworks/Mono.framework/Versions/Current/Commands:/Users/yukuang/.rvm/bin:/Users/yukuang/bin
10 verbose lifecycle wp-react@1.0.1~dev: CWD: /Users/yukuang/Desktop/work/myjar/webpack-react-weui
11 silly lifecycle wp-react@1.0.1~dev: Args: [ '-c',
11 silly lifecycle   'webpack-dev-server --hot --inline --progress --watch --colors --port 8080  --host 0.0.0.0' ]
12 silly lifecycle wp-react@1.0.1~dev: Returned: code: 1  signal: null
13 info lifecycle wp-react@1.0.1~dev: Failed to exec dev script
14 verbose stack Error: wp-react@1.0.1 dev: `webpack-dev-server --hot --inline --progress --watch --colors --port 8080  --host 0.0.0.0`
14 verbose stack Exit status 1
14 verbose stack     at EventEmitter.<anonymous> (/usr/local/lib/node_modules/npm/lib/utils/lifecycle.js:242:16)
14 verbose stack     at emitTwo (events.js:106:13)
14 verbose stack     at EventEmitter.emit (events.js:191:7)
14 verbose stack     at ChildProcess.<anonymous> (/usr/local/lib/node_modules/npm/lib/utils/spawn.js:40:14)
14 verbose stack     at emitTwo (events.js:106:13)
14 verbose stack     at ChildProcess.emit (events.js:191:7)
14 verbose stack     at maybeClose (internal/child_process.js:852:16)
14 verbose stack     at Process.ChildProcess._handle.onexit (internal/child_process.js:215:5)
15 verbose pkgid wp-react@1.0.1
16 verbose cwd /Users/yukuang/Desktop/work/myjar/webpack-react-weui
17 error Darwin 15.0.0
18 error argv "/usr/local/bin/node" "/usr/local/bin/npm" "run" "dev"
19 error node v6.3.0
20 error npm  v3.10.3
21 error code ELIFECYCLE
22 error wp-react@1.0.1 dev: `webpack-dev-server --hot --inline --progress --watch --colors --port 8080  --host 0.0.0.0`
22 error Exit status 1
23 error Failed at the wp-react@1.0.1 dev script 'webpack-dev-server --hot --inline --progress --watch --colors --port 8080  --host 0.0.0.0'.
23 error Make sure you have the latest version of node.js and npm installed.
23 error If you do, this is most likely a problem with the wp-react package,
23 error not with npm itself.
23 error Tell the author that this fails on your system:
23 error     webpack-dev-server --hot --inline --progress --watch --colors --port 8080  --host 0.0.0.0
23 error You can get information on how to open an issue for this project with:
23 error     npm bugs wp-react
23 error Or if that isn't available, you can get their info via:
23 error     npm owner ls wp-react
23 error There is likely additional logging output above.
24 verbose exit [ 1, true ]
